2023-03-20 00:34:32,194 INFO org.hibernate.validator.internal.util.Version [background-preinit] HV000001: Hibernate Validator 6.2.5.Final
2023-03-20 00:34:32,238 INFO org.springframework.boot.StartupInfoLogger [main] Starting SpringProjectFromBookApplication using Java 17.0.2 on DESKTOP-FMBV4KG with PID 10636 (D:\programming\SpringBoot\spring-project-from-book\spring-project-from-book\target\classes started by primk in D:\programming\SpringBoot\spring-project-from-book\spring-project-from-book)
2023-03-20 00:34:32,239 DEBUG org.springframework.boot.StartupInfoLogger [main] Running with Spring Boot v2.7.9, Spring v5.3.25
2023-03-20 00:34:32,240 INFO org.springframework.boot.SpringApplication [main] No active profile set, falling back to 1 default profile: "default"
2023-03-20 00:34:33,670 INFO org.springframework.data.repository.config.RepositoryConfigurationDelegate [main] Multiple Spring Data modules found, entering strict repository configuration mode
2023-03-20 00:34:33,674 INFO org.springframework.data.repository.config.RepositoryConfigurationDelegate [main] Bootstrapping Spring Data JPA repositories in DEFAULT mode.
2023-03-20 00:34:33,822 INFO org.springframework.data.repository.config.RepositoryConfigurationDelegate [main] Finished Spring Data repository scanning in 126 ms. Found 2 JPA repository interfaces.
2023-03-20 00:34:33,851 INFO org.springframework.data.repository.config.RepositoryConfigurationDelegate [main] Multiple Spring Data modules found, entering strict repository configuration mode
2023-03-20 00:34:33,854 INFO org.springframework.data.repository.config.RepositoryConfigurationDelegate [main] Bootstrapping Spring Data Redis repositories in DEFAULT mode.
2023-03-20 00:34:33,887 INFO org.springframework.data.repository.config.RepositoryConfigurationExtensionSupport [main] Spring Data Redis - Could not safely identify store assignment for repository candidate interface com.example.springprojectfrombook.user.repository.UserRepository; If you want this repository to be a Redis repository, consider annotating your entities with one of these annotations: org.springframework.data.redis.core.RedisHash (preferred), or consider extending one of the following types with your repository: org.springframework.data.keyvalue.repository.KeyValueRepository
2023-03-20 00:34:33,894 INFO org.springframework.data.repository.config.RepositoryConfigurationDelegate [main] Finished Spring Data repository scanning in 21 ms. Found 1 Redis repository interfaces.
2023-03-20 00:34:35,041 INFO org.springframework.boot.web.embedded.tomcat.TomcatWebServer [main] Tomcat initialized with port(s): 8080 (http)
2023-03-20 00:34:35,056 INFO org.apache.juli.logging.DirectJDKLog [main] Initializing ProtocolHandler ["http-nio-8080"]
2023-03-20 00:34:35,057 INFO org.apache.juli.logging.DirectJDKLog [main] Starting service [Tomcat]
2023-03-20 00:34:35,058 INFO org.apache.juli.logging.DirectJDKLog [main] Starting Servlet engine: [Apache Tomcat/9.0.71]
2023-03-20 00:34:35,272 INFO org.apache.juli.logging.DirectJDKLog [main] Initializing Spring embedded WebApplicationContext
2023-03-20 00:34:35,273 INFO org.springframework.boot.web.servlet.context.ServletWebServerApplicationContext [main] Root WebApplicationContext: initialization completed in 2965 ms
2023-03-20 00:34:35,612 INFO org.hibernate.jpa.internal.util.LogHelper [main] HHH000204: Processing PersistenceUnitInfo [name: default]
2023-03-20 00:34:35,739 INFO org.hibernate.Version [main] HHH000412: Hibernate ORM core version 5.6.15.Final
2023-03-20 00:34:36,011 INFO org.hibernate.annotations.common.reflection.java.JavaReflectionManager [main] HCANN000001: Hibernate Commons Annotations {5.1.2.Final}
2023-03-20 00:34:36,185 INFO com.zaxxer.hikari.HikariDataSource [main] HikariPool-1 - Starting...
2023-03-20 00:34:36,476 INFO com.zaxxer.hikari.HikariDataSource [main] HikariPool-1 - Start completed.
2023-03-20 00:34:36,503 INFO org.hibernate.dialect.Dialect [main] HHH000400: Using dialect: org.hibernate.dialect.PostgreSQLDialect
2023-03-20 00:34:37,646 INFO org.hibernate.engine.transaction.jta.platform.internal.JtaPlatformInitiator [main] HHH000490: Using JtaPlatform implementation: [org.hibernate.engine.transaction.jta.platform.internal.NoJtaPlatform]
2023-03-20 00:34:37,659 INFO org.springframework.orm.jpa.AbstractEntityManagerFactoryBean [main] Initialized JPA EntityManagerFactory for persistence unit 'default'
2023-03-20 00:34:38,289 DEBUG org.springframework.web.filter.GenericFilterBean [main] Filter 'jwtRequestFilter' configured for use
2023-03-20 00:34:38,885 WARN org.springframework.boot.autoconfigure.orm.jpa.JpaBaseConfiguration$JpaWebConfiguration [main] spring.jpa.open-in-view is enabled by default. Therefore, database queries may be performed during view rendering. Explicitly configure spring.jpa.open-in-view to disable this warning
2023-03-20 00:34:40,843 INFO org.springframework.security.web.DefaultSecurityFilterChain [main] Will secure Ant [pattern='/**'] with [org.springframework.security.web.session.DisableEncodeUrlFilter@3811464b, org.springframework.security.web.context.request.async.WebAsyncManagerIntegrationFilter@5f0a5848, org.springframework.security.web.context.SecurityContextPersistenceFilter@3f473daf, org.springframework.security.web.header.HeaderWriterFilter@d03cdc7, org.springframework.security.web.authentication.logout.LogoutFilter@a4e1ca7, com.example.springprojectfrombook.jwt.filters.JwtRequestFilter@1e2b37cd, org.springframework.security.web.savedrequest.RequestCacheAwareFilter@5bb661e0, org.springframework.security.web.servletapi.SecurityContextHolderAwareRequestFilter@44b82007, org.springframework.security.web.authentication.AnonymousAuthenticationFilter@c6db00d, org.springframework.security.web.session.SessionManagementFilter@42a89cef, org.springframework.security.web.access.ExceptionTranslationFilter@7f38545a, org.springframework.security.web.access.intercept.FilterSecurityInterceptor@4e00723b]
2023-03-20 00:34:40,904 INFO org.apache.juli.logging.DirectJDKLog [main] Starting ProtocolHandler ["http-nio-8080"]
2023-03-20 00:34:40,938 INFO org.springframework.boot.web.embedded.tomcat.TomcatWebServer [main] Tomcat started on port(s): 8080 (http) with context path ''
2023-03-20 00:34:40,952 INFO org.springframework.boot.StartupInfoLogger [main] Started SpringProjectFromBookApplication in 9.578 seconds (JVM running for 10.323)
2023-03-20 00:44:43,462 INFO org.springframework.orm.jpa.AbstractEntityManagerFactoryBean [SpringApplicationShutdownHook] Closing JPA EntityManagerFactory for persistence unit 'default'
2023-03-20 00:44:43,470 INFO com.zaxxer.hikari.HikariDataSource [SpringApplicationShutdownHook] HikariPool-1 - Shutdown initiated...
2023-03-20 00:44:43,477 INFO com.zaxxer.hikari.HikariDataSource [SpringApplicationShutdownHook] HikariPool-1 - Shutdown completed.
2023-03-20 00:44:53,843 INFO org.hibernate.validator.internal.util.Version [background-preinit] HV000001: Hibernate Validator 6.2.5.Final
2023-03-20 00:44:53,890 INFO org.springframework.boot.StartupInfoLogger [main] Starting SpringProjectFromBookApplication using Java 17.0.2 on DESKTOP-FMBV4KG with PID 1700 (D:\programming\SpringBoot\spring-project-from-book\spring-project-from-book\target\classes started by primk in D:\programming\SpringBoot\spring-project-from-book\spring-project-from-book)
2023-03-20 00:44:53,892 DEBUG org.springframework.boot.StartupInfoLogger [main] Running with Spring Boot v2.7.9, Spring v5.3.25
2023-03-20 00:44:53,893 INFO org.springframework.boot.SpringApplication [main] No active profile set, falling back to 1 default profile: "default"
2023-03-20 00:44:55,284 INFO org.springframework.data.repository.config.RepositoryConfigurationDelegate [main] Multiple Spring Data modules found, entering strict repository configuration mode
2023-03-20 00:44:55,288 INFO org.springframework.data.repository.config.RepositoryConfigurationDelegate [main] Bootstrapping Spring Data JPA repositories in DEFAULT mode.
2023-03-20 00:44:55,410 INFO org.springframework.data.repository.config.RepositoryConfigurationDelegate [main] Finished Spring Data repository scanning in 105 ms. Found 2 JPA repository interfaces.
2023-03-20 00:44:55,432 INFO org.springframework.data.repository.config.RepositoryConfigurationDelegate [main] Multiple Spring Data modules found, entering strict repository configuration mode
2023-03-20 00:44:55,434 INFO org.springframework.data.repository.config.RepositoryConfigurationDelegate [main] Bootstrapping Spring Data Redis repositories in DEFAULT mode.
2023-03-20 00:44:55,458 INFO org.springframework.data.repository.config.RepositoryConfigurationExtensionSupport [main] Spring Data Redis - Could not safely identify store assignment for repository candidate interface com.example.springprojectfrombook.user.repository.UserRepository; If you want this repository to be a Redis repository, consider annotating your entities with one of these annotations: org.springframework.data.redis.core.RedisHash (preferred), or consider extending one of the following types with your repository: org.springframework.data.keyvalue.repository.KeyValueRepository
2023-03-20 00:44:55,463 INFO org.springframework.data.repository.config.RepositoryConfigurationDelegate [main] Finished Spring Data repository scanning in 14 ms. Found 1 Redis repository interfaces.
2023-03-20 00:44:56,647 INFO org.springframework.boot.web.embedded.tomcat.TomcatWebServer [main] Tomcat initialized with port(s): 8080 (http)
2023-03-20 00:44:56,670 INFO org.apache.juli.logging.DirectJDKLog [main] Initializing ProtocolHandler ["http-nio-8080"]
2023-03-20 00:44:56,672 INFO org.apache.juli.logging.DirectJDKLog [main] Starting service [Tomcat]
2023-03-20 00:44:56,673 INFO org.apache.juli.logging.DirectJDKLog [main] Starting Servlet engine: [Apache Tomcat/9.0.71]
2023-03-20 00:44:56,959 INFO org.apache.juli.logging.DirectJDKLog [main] Initializing Spring embedded WebApplicationContext
2023-03-20 00:44:56,960 INFO org.springframework.boot.web.servlet.context.ServletWebServerApplicationContext [main] Root WebApplicationContext: initialization completed in 2995 ms
2023-03-20 00:44:57,278 INFO org.hibernate.jpa.internal.util.LogHelper [main] HHH000204: Processing PersistenceUnitInfo [name: default]
2023-03-20 00:44:57,374 INFO org.hibernate.Version [main] HHH000412: Hibernate ORM core version 5.6.15.Final
2023-03-20 00:44:57,636 INFO org.hibernate.annotations.common.reflection.java.JavaReflectionManager [main] HCANN000001: Hibernate Commons Annotations {5.1.2.Final}
2023-03-20 00:44:57,796 INFO com.zaxxer.hikari.HikariDataSource [main] HikariPool-1 - Starting...
2023-03-20 00:44:58,083 INFO com.zaxxer.hikari.HikariDataSource [main] HikariPool-1 - Start completed.
2023-03-20 00:44:58,112 INFO org.hibernate.dialect.Dialect [main] HHH000400: Using dialect: org.hibernate.dialect.PostgreSQLDialect
2023-03-20 00:44:59,203 INFO org.hibernate.engine.transaction.jta.platform.internal.JtaPlatformInitiator [main] HHH000490: Using JtaPlatform implementation: [org.hibernate.engine.transaction.jta.platform.internal.NoJtaPlatform]
2023-03-20 00:44:59,218 INFO org.springframework.orm.jpa.AbstractEntityManagerFactoryBean [main] Initialized JPA EntityManagerFactory for persistence unit 'default'
2023-03-20 00:44:59,928 DEBUG org.springframework.web.filter.GenericFilterBean [main] Filter 'jwtRequestFilter' configured for use
2023-03-20 00:45:00,539 WARN org.springframework.boot.autoconfigure.orm.jpa.JpaBaseConfiguration$JpaWebConfiguration [main] spring.jpa.open-in-view is enabled by default. Therefore, database queries may be performed during view rendering. Explicitly configure spring.jpa.open-in-view to disable this warning
2023-03-20 00:45:02,272 INFO org.springframework.security.web.DefaultSecurityFilterChain [main] Will secure Ant [pattern='/**'] with [org.springframework.security.web.session.DisableEncodeUrlFilter@59d7d574, org.springframework.security.web.context.request.async.WebAsyncManagerIntegrationFilter@94b5fe3, org.springframework.security.web.context.SecurityContextPersistenceFilter@1ed0128b, org.springframework.security.web.header.HeaderWriterFilter@770c3ca2, org.springframework.security.web.authentication.logout.LogoutFilter@1acd2a14, com.example.springprojectfrombook.jwt.filters.JwtRequestFilter@ef220e4, org.springframework.security.web.savedrequest.RequestCacheAwareFilter@3b48361e, org.springframework.security.web.servletapi.SecurityContextHolderAwareRequestFilter@397f9672, org.springframework.security.web.authentication.AnonymousAuthenticationFilter@4417755b, org.springframework.security.web.session.SessionManagementFilter@390e814c, org.springframework.security.web.access.ExceptionTranslationFilter@1a7f2d34, org.springframework.security.web.access.intercept.FilterSecurityInterceptor@3390621a]
2023-03-20 00:45:02,328 INFO org.apache.juli.logging.DirectJDKLog [main] Starting ProtocolHandler ["http-nio-8080"]
2023-03-20 00:45:02,356 INFO org.springframework.boot.web.embedded.tomcat.TomcatWebServer [main] Tomcat started on port(s): 8080 (http) with context path ''
2023-03-20 00:45:02,370 INFO org.springframework.boot.StartupInfoLogger [main] Started SpringProjectFromBookApplication in 9.337 seconds (JVM running for 10.108)
2023-03-20 00:45:19,847 INFO org.springframework.orm.jpa.AbstractEntityManagerFactoryBean [SpringApplicationShutdownHook] Closing JPA EntityManagerFactory for persistence unit 'default'
2023-03-20 00:45:19,849 INFO com.zaxxer.hikari.HikariDataSource [SpringApplicationShutdownHook] HikariPool-1 - Shutdown initiated...
2023-03-20 00:45:19,854 INFO com.zaxxer.hikari.HikariDataSource [SpringApplicationShutdownHook] HikariPool-1 - Shutdown completed.
2023-03-20 00:45:23,382 INFO org.hibernate.validator.internal.util.Version [background-preinit] HV000001: Hibernate Validator 6.2.5.Final
2023-03-20 00:45:23,425 INFO org.springframework.boot.StartupInfoLogger [main] Starting SpringProjectFromBookApplication using Java 17.0.2 on DESKTOP-FMBV4KG with PID 20024 (D:\programming\SpringBoot\spring-project-from-book\spring-project-from-book\target\classes started by primk in D:\programming\SpringBoot\spring-project-from-book\spring-project-from-book)
2023-03-20 00:45:23,426 DEBUG org.springframework.boot.StartupInfoLogger [main] Running with Spring Boot v2.7.9, Spring v5.3.25
2023-03-20 00:45:23,428 INFO org.springframework.boot.SpringApplication [main] No active profile set, falling back to 1 default profile: "default"
2023-03-20 00:45:24,785 INFO org.springframework.data.repository.config.RepositoryConfigurationDelegate [main] Multiple Spring Data modules found, entering strict repository configuration mode
2023-03-20 00:45:24,787 INFO org.springframework.data.repository.config.RepositoryConfigurationDelegate [main] Bootstrapping Spring Data JPA repositories in DEFAULT mode.
2023-03-20 00:45:24,886 INFO org.springframework.data.repository.config.RepositoryConfigurationDelegate [main] Finished Spring Data repository scanning in 89 ms. Found 2 JPA repository interfaces.
2023-03-20 00:45:24,903 INFO org.springframework.data.repository.config.RepositoryConfigurationDelegate [main] Multiple Spring Data modules found, entering strict repository configuration mode
2023-03-20 00:45:24,905 INFO org.springframework.data.repository.config.RepositoryConfigurationDelegate [main] Bootstrapping Spring Data Redis repositories in DEFAULT mode.
2023-03-20 00:45:24,928 INFO org.springframework.data.repository.config.RepositoryConfigurationExtensionSupport [main] Spring Data Redis - Could not safely identify store assignment for repository candidate interface com.example.springprojectfrombook.user.repository.UserRepository; If you want this repository to be a Redis repository, consider annotating your entities with one of these annotations: org.springframework.data.redis.core.RedisHash (preferred), or consider extending one of the following types with your repository: org.springframework.data.keyvalue.repository.KeyValueRepository
2023-03-20 00:45:24,934 INFO org.springframework.data.repository.config.RepositoryConfigurationDelegate [main] Finished Spring Data repository scanning in 15 ms. Found 1 Redis repository interfaces.
2023-03-20 00:45:26,015 INFO org.springframework.boot.web.embedded.tomcat.TomcatWebServer [main] Tomcat initialized with port(s): 8080 (http)
2023-03-20 00:45:26,031 INFO org.apache.juli.logging.DirectJDKLog [main] Initializing ProtocolHandler ["http-nio-8080"]
2023-03-20 00:45:26,032 INFO org.apache.juli.logging.DirectJDKLog [main] Starting service [Tomcat]
2023-03-20 00:45:26,033 INFO org.apache.juli.logging.DirectJDKLog [main] Starting Servlet engine: [Apache Tomcat/9.0.71]
2023-03-20 00:45:26,284 INFO org.apache.juli.logging.DirectJDKLog [main] Initializing Spring embedded WebApplicationContext
2023-03-20 00:45:26,284 INFO org.springframework.boot.web.servlet.context.ServletWebServerApplicationContext [main] Root WebApplicationContext: initialization completed in 2785 ms
2023-03-20 00:45:26,574 INFO org.hibernate.jpa.internal.util.LogHelper [main] HHH000204: Processing PersistenceUnitInfo [name: default]
2023-03-20 00:45:26,664 INFO org.hibernate.Version [main] HHH000412: Hibernate ORM core version 5.6.15.Final
2023-03-20 00:45:26,913 INFO org.hibernate.annotations.common.reflection.java.JavaReflectionManager [main] HCANN000001: Hibernate Commons Annotations {5.1.2.Final}
2023-03-20 00:45:27,075 INFO com.zaxxer.hikari.HikariDataSource [main] HikariPool-1 - Starting...
2023-03-20 00:45:27,359 INFO com.zaxxer.hikari.HikariDataSource [main] HikariPool-1 - Start completed.
2023-03-20 00:45:27,383 INFO org.hibernate.dialect.Dialect [main] HHH000400: Using dialect: org.hibernate.dialect.PostgreSQLDialect
2023-03-20 00:45:28,458 INFO org.hibernate.engine.transaction.jta.platform.internal.JtaPlatformInitiator [main] HHH000490: Using JtaPlatform implementation: [org.hibernate.engine.transaction.jta.platform.internal.NoJtaPlatform]
2023-03-20 00:45:28,470 INFO org.springframework.orm.jpa.AbstractEntityManagerFactoryBean [main] Initialized JPA EntityManagerFactory for persistence unit 'default'
2023-03-20 00:45:29,143 DEBUG org.springframework.web.filter.GenericFilterBean [main] Filter 'jwtRequestFilter' configured for use
2023-03-20 00:45:29,762 WARN org.springframework.boot.autoconfigure.orm.jpa.JpaBaseConfiguration$JpaWebConfiguration [main] spring.jpa.open-in-view is enabled by default. Therefore, database queries may be performed during view rendering. Explicitly configure spring.jpa.open-in-view to disable this warning
2023-03-20 00:45:31,560 INFO org.springframework.security.web.DefaultSecurityFilterChain [main] Will secure Ant [pattern='/**'] with [org.springframework.security.web.session.DisableEncodeUrlFilter@1db7a4ae, org.springframework.security.web.context.request.async.WebAsyncManagerIntegrationFilter@5ab70df7, org.springframework.security.web.context.SecurityContextPersistenceFilter@36c5a4b7, org.springframework.security.web.header.HeaderWriterFilter@7e44f989, org.springframework.security.web.authentication.logout.LogoutFilter@7e305953, com.example.springprojectfrombook.jwt.filters.JwtRequestFilter@18bc1064, org.springframework.security.web.savedrequest.RequestCacheAwareFilter@6821d4e1, org.springframework.security.web.servletapi.SecurityContextHolderAwareRequestFilter@427128a6, org.springframework.security.web.authentication.AnonymousAuthenticationFilter@6764201e, org.springframework.security.web.session.SessionManagementFilter@58dea0a7, org.springframework.security.web.access.ExceptionTranslationFilter@123d666b, org.springframework.security.web.access.intercept.FilterSecurityInterceptor@7894a250]
2023-03-20 00:45:31,620 INFO org.apache.juli.logging.DirectJDKLog [main] Starting ProtocolHandler ["http-nio-8080"]
2023-03-20 00:45:31,658 INFO org.springframework.boot.web.embedded.tomcat.TomcatWebServer [main] Tomcat started on port(s): 8080 (http) with context path ''
2023-03-20 00:45:31,675 INFO org.springframework.boot.StartupInfoLogger [main] Started SpringProjectFromBookApplication in 9.033 seconds (JVM running for 9.799)
2023-03-20 00:51:52,769 INFO org.springframework.orm.jpa.AbstractEntityManagerFactoryBean [SpringApplicationShutdownHook] Closing JPA EntityManagerFactory for persistence unit 'default'
2023-03-20 00:51:52,772 INFO com.zaxxer.hikari.HikariDataSource [SpringApplicationShutdownHook] HikariPool-1 - Shutdown initiated...
2023-03-20 00:51:52,787 INFO com.zaxxer.hikari.HikariDataSource [SpringApplicationShutdownHook] HikariPool-1 - Shutdown completed.
